<?xml version="1.0" encoding="UTF-8"?>
<testng-results ignored="0" total="1" passed="1" failed="0" skipped="0">
  <reporter-output>
  </reporter-output>
  <suite started-at="2023-05-31T02:42:42Z" name="Default suite" finished-at="2023-05-31T02:43:03Z" duration-ms="20690">
    <groups>
    </groups>
    <test started-at="2023-05-31T02:42:42Z" name="Default test" finished-at="2023-05-31T02:43:03Z" duration-ms="20690">
      <class name="Day16.TestNG">
        <test-method is-config="true" signature="setup()[pri:0, instance:Day16.TestNG@496bc455]" started-at="2023-05-31T02:42:42Z" name="setup" finished-at="2023-05-31T02:42:52Z" duration-ms="9813" status="PASS">
          <reporter-output>
          </reporter-output>
        </test-method> <!-- setup -->
        <test-method signature="login()[pri:0, instance:Day16.TestNG@496bc455]" started-at="2023-05-31T02:42:52Z" name="login" finished-at="2023-05-31T02:42:58Z" duration-ms="5988" status="PASS">
          <reporter-output>
          </reporter-output>
        </test-method> <!-- login -->
        <test-method is-config="true" signature="teardown()[pri:0, instance:Day16.TestNG@496bc455]" started-at="2023-05-31T02:42:58Z" name="teardown" finished-at="2023-05-31T02:43:03Z" duration-ms="4860" status="PASS">
          <reporter-output>
          </reporter-output>
        </test-method> <!-- teardown -->
      </class> <!-- Day16.TestNG -->
    </test> <!-- Default test -->
  </suite> <!-- Default suite -->
</testng-results>
